<?xml version="1.0" encoding="UTF-8"?>
<!-- Generated by org.testng.reporters.JUnitXMLReporter -->
<testsuite ignored="7" hostname="asaqapc" failures="0" tests="1" name="Default test" time="9.942" errors="0" timestamp="2026-02-22T22:47:27 EET">
  <testcase classname="myTestCases.myTestCases" name="TheTable" time="0.271"/>
  <testcase classname="myTestCases.myTestCases" name="switchWindow" time="0.0">
    <ignored/>
  </testcase> <!-- switchWindow -->
  <testcase classname="myTestCases.myTestCases" name="Checkboxes" time="0.0">
    <ignored/>
  </testcase> <!-- Checkboxes -->
  <testcase classname="myTestCases.myTestCases" name="switchTab" time="0.0">
    <ignored/>
  </testcase> <!-- switchTab -->
  <testcase classname="myTestCases.myTestCases" name="RadioButton" time="0.0">
    <ignored/>
  </testcase> <!-- RadioButton -->
  <testcase classname="myTestCases.myTestCases" name="SelectTag" time="0.0">
    <ignored/>
  </testcase> <!-- SelectTag -->
  <testcase classname="myTestCases.myTestCases" name="AlertAndConfirm" time="0.0">
    <ignored/>
  </testcase> <!-- AlertAndConfirm -->
  <testcase classname="myTestCases.myTestCases" name="AutomComplete" time="0.0">
    <ignored/>
  </testcase> <!-- AutomComplete -->
</testsuite> <!-- Default test -->
