<?xml version="1.0" encoding="UTF-8"?>
<!-- Generated by org.testng.reporters.JUnitXMLReporter -->
<testsuite ignored="0" hostname="asaqapc" failures="0" tests="5" name="Default test" time="25.379" errors="0" timestamp="2026-02-15T20:16:52 EET">
  <testcase classname="myTestCases.HomePage" name="Signup" time="10.085"/>
  <testcase classname="myTestCases.HomePage" name="logount" time="0.974"/>
  <testcase classname="myTestCases.HomePage" name="Login" time="3.232"/>
  <testcase classname="myTestCases.HomePage" name="AddRandomItem" time="3.437"/>
  <testcase classname="myTestCases.HomePage" name="CheckoutProcess" time="4.968"/>
</testsuite> <!-- Default test -->
