<?xml version="1.0" encoding="UTF-8"?>
<testng-results ignored="0" total="5" passed="5" failed="0" skipped="0">
  <reporter-output>
  </reporter-output>
  <suite started-at="2026-02-15T20:16:27 EET" name="Default suite" finished-at="2026-02-15T20:16:52 EET" duration-ms="25379">
    <groups>
    </groups>
    <test started-at="2026-02-15T20:16:27 EET" name="Default test" finished-at="2026-02-15T20:16:52 EET" duration-ms="25379">
      <class name="myTestCases.HomePage">
        <test-method is-config="true" signature="MySetup()[pri:0, instance:myTestCases.HomePage@7216fb24]" started-at="2026-02-15T20:16:27 EET" name="MySetup" finished-at="2026-02-15T20:16:29 EET" duration-ms="2582" status="PASS">
          <reporter-output>
          </reporter-output>
        </test-method> <!-- MySetup -->
        <test-method signature="Signup()[pri:1, instance:myTestCases.HomePage@7216fb24]" started-at="2026-02-15T20:16:29 EET" name="Signup" finished-at="2026-02-15T20:16:39 EET" duration-ms="10085" status="PASS">
          <reporter-output>
          </reporter-output>
        </test-method> <!-- Signup -->
        <test-method signature="logount()[pri:2, instance:myTestCases.HomePage@7216fb24]" started-at="2026-02-15T20:16:39 EET" name="logount" finished-at="2026-02-15T20:16:40 EET" duration-ms="974" status="PASS">
          <reporter-output>
          </reporter-output>
        </test-method> <!-- logount -->
        <test-method signature="Login()[pri:3, instance:myTestCases.HomePage@7216fb24]" started-at="2026-02-15T20:16:40 EET" name="Login" finished-at="2026-02-15T20:16:43 EET" duration-ms="3232" status="PASS">
          <reporter-output>
          </reporter-output>
        </test-method> <!-- Login -->
        <test-method signature="AddRandomItem()[pri:4, instance:myTestCases.HomePage@7216fb24]" started-at="2026-02-15T20:16:43 EET" name="AddRandomItem" finished-at="2026-02-15T20:16:47 EET" duration-ms="3437" status="PASS">
          <reporter-output>
          </reporter-output>
        </test-method> <!-- AddRandomItem -->
        <test-method signature="CheckoutProcess()[pri:5, instance:myTestCases.HomePage@7216fb24]" started-at="2026-02-15T20:16:47 EET" name="CheckoutProcess" finished-at="2026-02-15T20:16:52 EET" duration-ms="4968" status="PASS">
          <reporter-output>
          </reporter-output>
        </test-method> <!-- CheckoutProcess -->
      </class> <!-- myTestCases.HomePage -->
    </test> <!-- Default test -->
  </suite> <!-- Default suite -->
</testng-results>
