<?xml version="1.0" encoding="UTF-8"?>
<testng-results ignored="7" total="8" passed="1" failed="0" skipped="0">
  <reporter-output>
  </reporter-output>
  <suite started-at="2026-02-22T22:47:17 EET" name="Default suite" finished-at="2026-02-22T22:47:27 EET" duration-ms="9942">
    <groups>
    </groups>
    <test started-at="2026-02-22T22:47:17 EET" name="Default test" finished-at="2026-02-22T22:47:27 EET" duration-ms="9942">
      <class name="myTestCases.myTestCases">
        <test-method is-config="true" signature="mySetup()[pri:0, instance:myTestCases.myTestCases@61e94def]" started-at="2026-02-22T22:47:17 EET" name="mySetup" finished-at="2026-02-22T22:47:27 EET" duration-ms="9600" status="PASS">
          <reporter-output>
          </reporter-output>
        </test-method> <!-- mySetup -->
        <test-method signature="TheTable()[pri:0, instance:myTestCases.myTestCases@61e94def]" started-at="2026-02-22T22:47:27 EET" name="TheTable" finished-at="2026-02-22T22:47:27 EET" duration-ms="271" status="PASS">
          <reporter-output>
          </reporter-output>
        </test-method> <!-- TheTable -->
      </class> <!-- myTestCases.myTestCases -->
    </test> <!-- Default test -->
  </suite> <!-- Default suite -->
</testng-results>
