<?xml version="1.0" encoding="UTF-8"?>
<!-- Generated by org.testng.reporters.JUnitReportReporter -->
<testsuite hostname="asaqapc" failures="0" tests="8" name="myTestCases.myTestCases" time="0.271" errors="0" timestamp="2026-02-22T22:47:28 EET" skipped="7">
  <testcase classname="myTestCases.myTestCases" name="TheTable" time="0.271"/>
  <testcase classname="myTestCases.myTestCases" name="switchWindow">
    <skipped/>
  </testcase> <!-- switchWindow -->
  <testcase classname="myTestCases.myTestCases" name="Checkboxes">
    <skipped/>
  </testcase> <!-- Checkboxes -->
  <testcase classname="myTestCases.myTestCases" name="switchTab">
    <skipped/>
  </testcase> <!-- switchTab -->
  <testcase classname="myTestCases.myTestCases" name="RadioButton">
    <skipped/>
  </testcase> <!-- RadioButton -->
  <testcase classname="myTestCases.myTestCases" name="SelectTag">
    <skipped/>
  </testcase> <!-- SelectTag -->
  <testcase classname="myTestCases.myTestCases" name="AlertAndConfirm">
    <skipped/>
  </testcase> <!-- AlertAndConfirm -->
  <testcase classname="myTestCases.myTestCases" name="AutomComplete">
    <skipped/>
  </testcase> <!-- AutomComplete -->
</testsuite> <!-- myTestCases.myTestCases -->
